Using pre-set license
Built from '2020.3/staging' branch; Version is '2020.3.14f1 (d0d1bb862f9d) revision 13685179'; Using compiler version '192528614'; Build Type 'Release'
OS: 'Windows 10 Pro; OS build 22000.466; Version 2009; 64bit' Language: 'en' Physical Memory: 24511 MB
BatchMode: 1, IsHumanControllingUs: 0, StartBugReporterOnCrash: 0, Is64bit: 1, IsPro: 0

 COMMAND LINE ARGUMENTS:
C:\Program Files\Unity\Hub\Editor\2020.3.14f1\Editor\Unity.exe
-adb2
-batchMode
-noUpm
-name
AssetImportWorker1
-projectPath
E:/Unity/SubwaysurfRobot
-logFile
Logs/AssetImportWorker1.log
-srvPort
55259
Successfully changed project path to: E:/Unity/SubwaysurfRobot
E:/Unity/SubwaysurfRobot
Using Asset Import Pipeline V2.
Default GameObject Tag: Player already registered

Refreshing native plugins compatible for Editor in 119.99 ms, found 2 plugins.
Preloading 0 native plugins for Editor in 0.00 ms.
Initialize engine version: 2020.3.14f1 (d0d1bb862f9d)
[Subsystems] Discovering subsystems at path C:/Program Files/Unity/Hub/Editor/2020.3.14f1/Editor/Data/Resources/UnitySubsystems
[Subsystems] Discovering subsystems at path E:/Unity/SubwaysurfRobot/Assets
GfxDevice: creating device client; threaded=0
Direct3D:
    Version:  Direct3D 11.0 [level 11.1]
    Renderer: NVIDIA GeForce GTX 1050 Ti (ID=0x1c82)
    Vendor:   
    VRAM:     4019 MB
    Driver:   30.0.14.9709
Initialize mono
Mono path[0] = 'C:/Program Files/Unity/Hub/Editor/2020.3.14f1/Editor/Data/Managed'
Mono path[1] = 'C:/Program Files/Unity/Hub/Editor/2020.3.14f1/Editor/Data/MonoBleedingEdge/lib/mono/unityjit'
Mono config path = 'C:/Program Files/Unity/Hub/Editor/2020.3.14f1/Editor/Data/MonoBleedingEdge/etc'
Using monoOptions --debugger-agent=transport=dt_socket,embedding=1,server=y,suspend=n,address=127.0.0.1:56620
Begin MonoManager ReloadAssembly
Registering precompiled unity dll's ...
Register platform support module: C:/Program Files/Unity/Hub/Editor/2020.3.14f1/Editor/Data/PlaybackEngines/WebGLSupport/UnityEditor.WebGL.Extensions.dll
Register platform support module: C:/Program Files/Unity/Hub/Editor/2020.3.14f1/Editor/Data/PlaybackEngines/MacStandaloneSupport/UnityEditor.OSXStandalone.Extensions.dll
Register platform support module: C:/Program Files/Unity/Hub/Editor/2020.3.14f1/Editor/Data/PlaybackEngines/WindowsStandaloneSupport/UnityEditor.WindowsStandalone.Extensions.dll
Register platform support module: C:/Program Files/Unity/Hub/Editor/2020.3.14f1/Editor/Data/PlaybackEngines/LinuxStandaloneSupport/UnityEditor.LinuxStandalone.Extensions.dll
Registered in 0.002555 seconds.
Native extension for LinuxStandalone target not found
Native extension for WindowsStandalone target not found
Native extension for OSXStandalone target not found
Native extension for WebGL target not found
Refreshing native plugins compatible for Editor in 72.71 ms, found 2 plugins.
Preloading 0 native plugins for Editor in 0.00 ms.
Mono: successfully reloaded assembly
- Completed reload, in  3.479 seconds
Domain Reload Profiling:
	ReloadAssembly (3479ms)
		BeginReloadAssembly (41ms)
			ExecutionOrderSort (0ms)
			DisableScriptedObjects (0ms)
			BackupInstance (0ms)
			ReleaseScriptingObjects (0ms)
			CreateAndSetChildDomain (1ms)
		EndReloadAssembly (385ms)
			LoadAssemblies (40ms)
			RebuildTransferFunctionScriptingTraits (0ms)
			SetupTypeCache (126ms)
			ReleaseScriptCaches (0ms)
			RebuildScriptCaches (23ms)
			SetupLoadedEditorAssemblies (174ms)
				LogAssemblyErrors (0ms)
				InitializePlatformSupportModulesInManaged (5ms)
				SetLoadedEditorAssemblies (0ms)
				RefreshPlugins (73ms)
				BeforeProcessingInitializeOnLoad (8ms)
				ProcessInitializeOnLoadAttributes (62ms)
				ProcessInitializeOnLoadMethodAttributes (25ms)
				AfterProcessingInitializeOnLoad (0ms)
				EditorAssembliesLoaded (0ms)
			ExecutionOrderSort2 (0ms)
			AwakeInstancesAfterBackupRestoration (0ms)
Platform modules already initialized, skipping
Registering precompiled user dll's ...
Registered in 0.007065 seconds.
Begin MonoManager ReloadAssembly
Native extension for LinuxStandalone target not found
Native extension for WindowsStandalone target not found
Native extension for OSXStandalone target not found
Native extension for WebGL target not found
Refreshing native plugins compatible for Editor in 73.08 ms, found 2 plugins.
Preloading 0 native plugins for Editor in 0.00 ms.
Mono: successfully reloaded assembly
- Completed reload, in  1.078 seconds
Domain Reload Profiling:
	ReloadAssembly (1079ms)
		BeginReloadAssembly (126ms)
			ExecutionOrderSort (0ms)
			DisableScriptedObjects (4ms)
			BackupInstance (0ms)
			ReleaseScriptingObjects (0ms)
			CreateAndSetChildDomain (16ms)
		EndReloadAssembly (903ms)
			LoadAssemblies (78ms)
			RebuildTransferFunctionScriptingTraits (0ms)
			SetupTypeCache (254ms)
			ReleaseScriptCaches (0ms)
			RebuildScriptCaches (43ms)
			SetupLoadedEditorAssemblies (357ms)
				LogAssemblyErrors (0ms)
				InitializePlatformSupportModulesInManaged (5ms)
				SetLoadedEditorAssemblies (0ms)
				RefreshPlugins (73ms)
				BeforeProcessingInitializeOnLoad (78ms)
				ProcessInitializeOnLoadAttributes (160ms)
				ProcessInitializeOnLoadMethodAttributes (36ms)
				AfterProcessingInitializeOnLoad (5ms)
				EditorAssembliesLoaded (0ms)
			ExecutionOrderSort2 (0ms)
			AwakeInstancesAfterBackupRestoration (4ms)
Platform modules already initialized, skipping
========================================================================
Worker process is ready to serve import requests
Default GameObject Tag: Player already registered

Launched and connected shader compiler UnityShaderCompiler.exe after 0.05 seconds
Refreshing native plugins compatible for Editor in 1.28 ms, found 2 plugins.
Preloading 0 native plugins for Editor in 0.00 ms.
Unloading 2778 Unused Serialized files (Serialized files now loaded: 0)
System memory in use before: 134.3 MB.
System memory in use after: 133.6 MB.

Unloading 125 unused Assets to reduce memory usage. Loaded Objects now: 3158.
Total: 6.000000 ms (FindLiveObjects: 0.244700 ms CreateObjectMapping: 0.114900 ms MarkObjects: 5.021000 ms  DeleteObjects: 0.617500 ms)

AssetImportParameters requested are different than current active one (requested -> active):
  custom:framework-win-MediaFoundation: 216162199b28c13a410421893ffa2e32 -> 
  custom:video-decoder-ogg-theora: a1e56fd34408186e4bbccfd4996cb3dc -> 
  custom:container-muxer-webm: aa71ff27fc2769a1b78a27578f13a17b -> 
  custom:container-demuxer-webm: 4f35f7cbe854078d1ac9338744f61a02 -> 
  custom:container-demuxer-ogg: 62fdf1f143b41e24485cea50d1cbac27 -> 
  custom:video-encoder-webm-vp8: eb34c28f22e8b96e1ab97ce403110664 -> 
  custom:video-decoder-webm-vp8: 9c59270c3fd7afecdb556c50c9e8de78 -> 
  custom:audio-decoder-ogg-vorbis: bf7c407c2cedff20999df2af8eb42d56 -> 
  custom:audio-encoder-webm-vorbis: bf7c407c2cedff20999df2af8eb42d56 -> 
========================================================================
Received Import Request.
  path: Assets/mayprojectnew/Prefeb/tauchet1.prefab
  artifactKey: Guid(a89a1e2a3337b544bb2c8d1a5612fb99) Importer(815301076,1909f56bfc062723c751e8b465ee728b)
Start importing Assets/mayprojectnew/Prefeb/tauchet1.prefab using Guid(a89a1e2a3337b544bb2c8d1a5612fb99) Importer(815301076,1909f56bfc062723c751e8b465ee728b)  -> (artifact id: 'a6a2a2ceeee6520f746c3e1f5b54c325') in 0.101532 seconds 
  Import took 0.105732 seconds .

========================================================================
Received Import Request.
  Time since last request: 2.777259 seconds.
  path: Assets/mayprojectnew/Prefeb/tauchet1.prefab
  artifactKey: Guid(a89a1e2a3337b544bb2c8d1a5612fb99) Importer(815301076,1909f56bfc062723c751e8b465ee728b)
Start importing Assets/mayprojectnew/Prefeb/tauchet1.prefab using Guid(a89a1e2a3337b544bb2c8d1a5612fb99) Importer(815301076,1909f56bfc062723c751e8b465ee728b)  -> (artifact id: '960c41a99a16f75df43a5fa3c5f1ad32') in 0.016361 seconds 
  Import took 0.020389 seconds .

========================================================================
Received Import Request.
  Time since last request: 12.500384 seconds.
  path: Assets/mayprojectnew/Prefeb/tauchet2.prefab
  artifactKey: Guid(e7630fcb7f0c6654da255302d4a6f28a) Importer(815301076,1909f56bfc062723c751e8b465ee728b)
Start importing Assets/mayprojectnew/Prefeb/tauchet2.prefab using Guid(e7630fcb7f0c6654da255302d4a6f28a) Importer(815301076,1909f56bfc062723c751e8b465ee728b)  -> (artifact id: '8e5af8e4d2e368ebfda968e3e10b1d0e') in 0.112658 seconds 
  Import took 0.117894 seconds .

========================================================================
Received Import Request.
  Time since last request: 8.078334 seconds.
  path: Assets/Toon Vehicles Free/Models/City Cars/Ambulance.fbx
  artifactKey: Guid(028724a65b499cd4ebfc30add6eb1bde) Importer(815301076,1909f56bfc062723c751e8b465ee728b)
Start importing Assets/Toon Vehicles Free/Models/City Cars/Ambulance.fbx using Guid(028724a65b499cd4ebfc30add6eb1bde) Importer(815301076,1909f56bfc062723c751e8b465ee728b)  -> (artifact id: '4ac2d6e5e94fa1c0b795380a6c59f010') in 0.071627 seconds 
  Import took 0.075706 seconds .

========================================================================
Received Import Request.
  Time since last request: 0.000188 seconds.
  path: Assets/buggy/Materials/buggy_diff.mat
  artifactKey: Guid(073c6e65d91dd6342b439da80b2f93f4) Importer(815301076,1909f56bfc062723c751e8b465ee728b)
Start importing Assets/buggy/Materials/buggy_diff.mat using Guid(073c6e65d91dd6342b439da80b2f93f4) Importer(815301076,1909f56bfc062723c751e8b465ee728b)  -> (artifact id: '52eae162eba7fa57228ab6cbbb453ff3') in 0.056132 seconds 
  Import took 0.059436 seconds .

========================================================================
Received Import Request.
  Time since last request: 0.312430 seconds.
  path: Assets/Simple Vehicle Pack/Models/bus.FBX
  artifactKey: Guid(7f4f24cb528cb884a874e5266f87c831) Importer(815301076,1909f56bfc062723c751e8b465ee728b)
Start importing Assets/Simple Vehicle Pack/Models/bus.FBX using Guid(7f4f24cb528cb884a874e5266f87c831) Importer(815301076,1909f56bfc062723c751e8b465ee728b)  -> (artifact id: 'b4d6a2dddb97a35b2b248386a497d5ef') in 0.063213 seconds 
  Import took 0.066943 seconds .

========================================================================
Received Import Request.
  Time since last request: 0.000243 seconds.
  path: Assets/Simple Vehicle Pack/Materials/Bus_1.mat
  artifactKey: Guid(39cfffc7cdb08644ca972fb9d7f6b125) Importer(815301076,1909f56bfc062723c751e8b465ee728b)
Start importing Assets/Simple Vehicle Pack/Materials/Bus_1.mat using Guid(39cfffc7cdb08644ca972fb9d7f6b125) Importer(815301076,1909f56bfc062723c751e8b465ee728b)  -> (artifact id: '927aa7d7cdb0e8891cbc1418fc0aa55f') in 0.137032 seconds 
  Import took 0.141118 seconds .

========================================================================
Received Import Request.
  Time since last request: 0.000201 seconds.
  path: Assets/mayprojectnew/Vatcan/Bus2_diff.jpg
  artifactKey: Guid(f533944706c3c564ebd002a8f2195e25) Importer(815301076,1909f56bfc062723c751e8b465ee728b)
Start importing Assets/mayprojectnew/Vatcan/Bus2_diff.jpg using Guid(f533944706c3c564ebd002a8f2195e25) Importer(815301076,1909f56bfc062723c751e8b465ee728b)  -> (artifact id: 'b63db9de71833805e3407698a87b86a3') in 0.040667 seconds 
  Import took 0.044018 seconds .

========================================================================
Received Import Request.
  Time since last request: 0.000176 seconds.
  path: Assets/Simple Vehicle Pack/Materials/Mobile/Bus_2.mat
  artifactKey: Guid(01f8a6cb462b8174a8875f1e4a205d88) Importer(815301076,1909f56bfc062723c751e8b465ee728b)
Start importing Assets/Simple Vehicle Pack/Materials/Mobile/Bus_2.mat using Guid(01f8a6cb462b8174a8875f1e4a205d88) Importer(815301076,1909f56bfc062723c751e8b465ee728b)  -> (artifact id: '2492fa97ddc99133178c2f2f510a80ba') in 0.028047 seconds 
  Import took 0.031738 seconds .

========================================================================
Received Import Request.
  Time since last request: 0.000238 seconds.
  path: Assets/Simple Vehicle Pack/Textures/Mobile/bus_2_diffuse.tif
  artifactKey: Guid(7d7f8880f115b9841ba7617ceec2604e) Importer(815301076,1909f56bfc062723c751e8b465ee728b)
Start importing Assets/Simple Vehicle Pack/Textures/Mobile/bus_2_diffuse.tif using Guid(7d7f8880f115b9841ba7617ceec2604e) Importer(815301076,1909f56bfc062723c751e8b465ee728b)  -> (artifact id: '88d9d7056cbac072955935a437752ee3') in 0.022972 seconds 
  Import took 0.027453 seconds .

========================================================================
Received Import Request.
  Time since last request: 0.000205 seconds.
  path: Assets/mayprojectnew/Vatcan/Materials/Bus2_diff.mat
  artifactKey: Guid(9d9a0f8fee753d34f84736562f8787be) Importer(815301076,1909f56bfc062723c751e8b465ee728b)
Start importing Assets/mayprojectnew/Vatcan/Materials/Bus2_diff.mat using Guid(9d9a0f8fee753d34f84736562f8787be) Importer(815301076,1909f56bfc062723c751e8b465ee728b)  -> (artifact id: 'b7b25d4b6fc736eba01c9762658fc25b') in 0.012799 seconds 
  Import took 0.016425 seconds .

========================================================================
Received Import Request.
  Time since last request: 0.000286 seconds.
  path: Assets/mayprojectnew/Vatcan/Bus.fbx
  artifactKey: Guid(87033de660c3c62479183984bb923b86) Importer(815301076,1909f56bfc062723c751e8b465ee728b)
Start importing Assets/mayprojectnew/Vatcan/Bus.fbx using Guid(87033de660c3c62479183984bb923b86) Importer(815301076,1909f56bfc062723c751e8b465ee728b)  -> (artifact id: '6d81f6fd2d3648ac7a324846944d8954') in 0.020987 seconds 
  Import took 0.026124 seconds .

========================================================================
Received Import Request.
  Time since last request: 0.000302 seconds.
  path: Assets/Simple Vehicle Pack/Materials/Mobile/Bus_1.mat
  artifactKey: Guid(a0b0c1668d6fad443b7e06fe182d9dc3) Importer(815301076,1909f56bfc062723c751e8b465ee728b)
Start importing Assets/Simple Vehicle Pack/Materials/Mobile/Bus_1.mat using Guid(a0b0c1668d6fad443b7e06fe182d9dc3) Importer(815301076,1909f56bfc062723c751e8b465ee728b)  -> (artifact id: '28a38dea61ca0804331f1cf4c5c8e76c') in 0.027554 seconds 
  Import took 0.031289 seconds .

========================================================================
Received Import Request.
  Time since last request: 0.000192 seconds.
  path: Assets/mayprojectnew/Vatcan/Bus.fbx
  artifactKey: Guid(87033de660c3c62479183984bb923b86) Importer(815301076,1909f56bfc062723c751e8b465ee728b)
Start importing Assets/mayprojectnew/Vatcan/Bus.fbx using Guid(87033de660c3c62479183984bb923b86) Importer(815301076,1909f56bfc062723c751e8b465ee728b)  -> (artifact id: '6d81f6fd2d3648ac7a324846944d8954') in 0.013943 seconds 
  Import took 0.017825 seconds .

========================================================================
Received Import Request.
  Time since last request: 0.000197 seconds.
  path: Assets/Simple Vehicle Pack/Materials/Mobile/Bus_1.mat
  artifactKey: Guid(a0b0c1668d6fad443b7e06fe182d9dc3) Importer(815301076,1909f56bfc062723c751e8b465ee728b)
Start importing Assets/Simple Vehicle Pack/Materials/Mobile/Bus_1.mat using Guid(a0b0c1668d6fad443b7e06fe182d9dc3) Importer(815301076,1909f56bfc062723c751e8b465ee728b)  -> (artifact id: '28a38dea61ca0804331f1cf4c5c8e76c') in 0.011695 seconds 
  Import took 0.015529 seconds .

========================================================================
Received Import Request.
  Time since last request: 0.000191 seconds.
  path: Assets/Simple Vehicle Pack/Materials/Bus_2.mat
  artifactKey: Guid(73e805105a361df41b7e14313b517476) Importer(815301076,1909f56bfc062723c751e8b465ee728b)
Start importing Assets/Simple Vehicle Pack/Materials/Bus_2.mat using Guid(73e805105a361df41b7e14313b517476) Importer(815301076,1909f56bfc062723c751e8b465ee728b)  -> (artifact id: '20a022c8725967561016f2a5ea024ca9') in 0.043562 seconds 
  Import took 0.047985 seconds .

========================================================================
Received Import Request.
  Time since last request: 1.130766 seconds.
  path: Assets/mayprojectnew/Prefeb/item/Bus_Blue.prefab
  artifactKey: Guid(55492c7cc99ce1745a48644b9bb09d1d) Importer(815301076,1909f56bfc062723c751e8b465ee728b)
Start importing Assets/mayprojectnew/Prefeb/item/Bus_Blue.prefab using Guid(55492c7cc99ce1745a48644b9bb09d1d) Importer(815301076,1909f56bfc062723c751e8b465ee728b)  -> (artifact id: 'caac6a0157a5a659b0371d8a4c8c459d') in 0.013601 seconds 
  Import took 0.017949 seconds .

========================================================================
Received Import Request.
  Time since last request: 0.000236 seconds.
  path: Assets/mayprojectnew/Vatcan/Materials/Bus_diff.mat
  artifactKey: Guid(27c6bd23be1d8ef41833001af129eb5c) Importer(815301076,1909f56bfc062723c751e8b465ee728b)
Start importing Assets/mayprojectnew/Vatcan/Materials/Bus_diff.mat using Guid(27c6bd23be1d8ef41833001af129eb5c) Importer(815301076,1909f56bfc062723c751e8b465ee728b)  -> (artifact id: '9b3b15ea3aae350f4e64f0031717520e') in 0.012707 seconds 
  Import took 0.016694 seconds .

========================================================================
Received Import Request.
  Time since last request: 0.000316 seconds.
  path: Assets/mayprojectnew/Prefeb/item/Bus_Blue.prefab
  artifactKey: Guid(55492c7cc99ce1745a48644b9bb09d1d) Importer(815301076,1909f56bfc062723c751e8b465ee728b)
Start importing Assets/mayprojectnew/Prefeb/item/Bus_Blue.prefab using Guid(55492c7cc99ce1745a48644b9bb09d1d) Importer(815301076,1909f56bfc062723c751e8b465ee728b)  -> (artifact id: 'caac6a0157a5a659b0371d8a4c8c459d') in 0.012779 seconds 
  Import took 0.016415 seconds .

========================================================================
Received Import Request.
  Time since last request: 0.000246 seconds.
  path: Assets/mayprojectnew/Vatcan/Materials/Bus_diff.mat
  artifactKey: Guid(27c6bd23be1d8ef41833001af129eb5c) Importer(815301076,1909f56bfc062723c751e8b465ee728b)
Start importing Assets/mayprojectnew/Vatcan/Materials/Bus_diff.mat using Guid(27c6bd23be1d8ef41833001af129eb5c) Importer(815301076,1909f56bfc062723c751e8b465ee728b)  -> (artifact id: '9b3b15ea3aae350f4e64f0031717520e') in 0.012262 seconds 
  Import took 0.016307 seconds .

========================================================================
Received Import Request.
  Time since last request: 0.148902 seconds.
  path: Assets/mayprojectnew/Vatcan/Bus_diff.jpg
  artifactKey: Guid(6eb74f7510755c341a1c095227779c2c) Importer(815301076,1909f56bfc062723c751e8b465ee728b)
Start importing Assets/mayprojectnew/Vatcan/Bus_diff.jpg using Guid(6eb74f7510755c341a1c095227779c2c) Importer(815301076,1909f56bfc062723c751e8b465ee728b)  -> (artifact id: '4bcebe4663e603052960777771578f7f') in 0.019263 seconds 
  Import took 0.023179 seconds .

========================================================================
Received Import Request.
  Time since last request: 0.000213 seconds.
  path: Assets/Simple Vehicle Pack/Textures/Mobile/bus_diffuse.tif
  artifactKey: Guid(4cb0ad4beb219f047ab423d11568d45b) Importer(815301076,1909f56bfc062723c751e8b465ee728b)
Start importing Assets/Simple Vehicle Pack/Textures/Mobile/bus_diffuse.tif using Guid(4cb0ad4beb219f047ab423d11568d45b) Importer(815301076,1909f56bfc062723c751e8b465ee728b)  -> (artifact id: '0a636a66f417c6e0aa4c91c73a0c71e7') in 0.010103 seconds 
  Import took 0.013746 seconds .

========================================================================
Received Import Request.
  Time since last request: 0.013888 seconds.
  path: Assets/mayprojectnew/Prefeb/item/Bus_Yeshlow.prefab
  artifactKey: Guid(f3c0a25844be229459a8eeb48b28266d) Importer(815301076,1909f56bfc062723c751e8b465ee728b)
Start importing Assets/mayprojectnew/Prefeb/item/Bus_Yeshlow.prefab using Guid(f3c0a25844be229459a8eeb48b28266d) Importer(815301076,1909f56bfc062723c751e8b465ee728b)  -> (artifact id: '156d52f2bd66b3bdaacf8a99527447c8') in 0.013811 seconds 
  Import took 0.018366 seconds .

========================================================================
Received Import Request.
  Time since last request: 0.355719 seconds.
  path: Assets/Park Assets/Models/Bush.fbx
  artifactKey: Guid(5c81e9317993fba43afcf431416cf177) Importer(815301076,1909f56bfc062723c751e8b465ee728b)
Start importing Assets/Park Assets/Models/Bush.fbx using Guid(5c81e9317993fba43afcf431416cf177) Importer(815301076,1909f56bfc062723c751e8b465ee728b)  -> (artifact id: '03944ddcf4df04b148c99be0740e09f6') in 0.020671 seconds 
  Import took 0.024707 seconds .

========================================================================
Received Import Request.
  Time since last request: 0.000208 seconds.
  path: Assets/LowPolyNaturePropsPack/fbx/bush1.fbx
  artifactKey: Guid(76503df94cc0f4d4bb844faa058e69ff) Importer(815301076,1909f56bfc062723c751e8b465ee728b)
Start importing Assets/LowPolyNaturePropsPack/fbx/bush1.fbx using Guid(76503df94cc0f4d4bb844faa058e69ff) Importer(815301076,1909f56bfc062723c751e8b465ee728b)  -> (artifact id: 'f913a3af81fd07b30945636c0d4b62c6') in 0.025437 seconds 
  Import took 0.030297 seconds .

========================================================================
Received Import Request.
  Time since last request: 0.000248 seconds.
  path: Assets/LowPolyNaturePropsPack/fbx/bush2.fbx
  artifactKey: Guid(29e053da5d6cfc2478d900cf4fdbfc31) Importer(815301076,1909f56bfc062723c751e8b465ee728b)
Start importing Assets/LowPolyNaturePropsPack/fbx/bush2.fbx using Guid(29e053da5d6cfc2478d900cf4fdbfc31) Importer(815301076,1909f56bfc062723c751e8b465ee728b)  -> (artifact id: '4c1972aaab789357614478757f8f3fbf') in 0.025455 seconds 
  Import took 0.029622 seconds .

========================================================================
Received Import Request.
  Time since last request: 0.000230 seconds.
  path: Assets/LowPolyNaturePropsPack/fbx/bush3.fbx
  artifactKey: Guid(3672ea64949057a45bdcf380230d67c0) Importer(815301076,1909f56bfc062723c751e8b465ee728b)
Start importing Assets/LowPolyNaturePropsPack/fbx/bush3.fbx using Guid(3672ea64949057a45bdcf380230d67c0) Importer(815301076,1909f56bfc062723c751e8b465ee728b)  -> (artifact id: 'ff9b1d9d5ecc7f7260c87d329e17b986') in 0.026113 seconds 
  Import took 0.029969 seconds .

========================================================================
Received Prepare
Default GameObject Tag: Player already registered

Refreshing native plugins compatible for Editor in 15.76 ms, found 2 plugins.
Preloading 0 native plugins for Editor in 0.00 ms.
Unloading 114 Unused Serialized files (Serialized files now loaded: 0)
System memory in use before: 78.7 MB.
System memory in use after: 78.0 MB.

Unloading 114 unused Assets to reduce memory usage. Loaded Objects now: 3203.
Total: 8.869200 ms (FindLiveObjects: 0.413300 ms CreateObjectMapping: 0.187200 ms MarkObjects: 7.398600 ms  DeleteObjects: 0.867700 ms)

AssetImportParameters requested are different than current active one (requested -> active):
  custom:framework-win-MediaFoundation: 216162199b28c13a410421893ffa2e32 -> 
  custom:video-decoder-ogg-theora: a1e56fd34408186e4bbccfd4996cb3dc -> 
  custom:container-muxer-webm: aa71ff27fc2769a1b78a27578f13a17b -> 
  custom:container-demuxer-webm: 4f35f7cbe854078d1ac9338744f61a02 -> 
  custom:container-demuxer-ogg: 62fdf1f143b41e24485cea50d1cbac27 -> 
  custom:video-encoder-webm-vp8: eb34c28f22e8b96e1ab97ce403110664 -> 
  custom:video-decoder-webm-vp8: 9c59270c3fd7afecdb556c50c9e8de78 -> 
  custom:audio-decoder-ogg-vorbis: bf7c407c2cedff20999df2af8eb42d56 -> 
  custom:audio-encoder-webm-vorbis: bf7c407c2cedff20999df2af8eb42d56 -> 
========================================================================
Received Import Request.
  Time since last request: 306.512035 seconds.
  path: Assets/Animation/08_07.fbx
  artifactKey: Guid(db2357b611f39cb4aa6eb3cb32a41793) Importer(815301076,1909f56bfc062723c751e8b465ee728b)
Start importing Assets/Animation/08_07.fbx using Guid(db2357b611f39cb4aa6eb3cb32a41793) Importer(815301076,1909f56bfc062723c751e8b465ee728b)  -> (artifact id: '2575ceb6915ec9601e8a2b4f7bccdc07') in 0.037324 seconds 
  Import took 0.042959 seconds .

========================================================================
Received Import Request.
  Time since last request: 0.000281 seconds.
  path: Assets/Animation/69_59.fbx
  artifactKey: Guid(a9981d0b3c707504b939d4d6c0f04e81) Importer(815301076,1909f56bfc062723c751e8b465ee728b)
Start importing Assets/Animation/69_59.fbx using Guid(a9981d0b3c707504b939d4d6c0f04e81) Importer(815301076,1909f56bfc062723c751e8b465ee728b)  -> (artifact id: 'aa8891da5afca0105ccb96ee3a4d7e19') in 0.013766 seconds 
  Import took 0.017284 seconds .

========================================================================
Received Import Request.
  Time since last request: 0.000485 seconds.
  path: Assets/Animation/Animation/aminvan.fbx
  artifactKey: Guid(9b7126fc1b504bb4fb51d56b3413976e) Importer(815301076,1909f56bfc062723c751e8b465ee728b)
Start importing Assets/Animation/Animation/aminvan.fbx using Guid(9b7126fc1b504bb4fb51d56b3413976e) Importer(815301076,1909f56bfc062723c751e8b465ee728b)  -> (artifact id: '31731ca43eb6ae2b42b63bd3a91f30d5') in 0.022849 seconds 
  Import took 0.027267 seconds .

========================================================================
Received Import Request.
  Time since last request: 0.000191 seconds.
  path: Assets/Animation/anibay1.fbx
  artifactKey: Guid(c59ead8452c2bed48a634d86eb712e8d) Importer(815301076,1909f56bfc062723c751e8b465ee728b)
Start importing Assets/Animation/anibay1.fbx using Guid(c59ead8452c2bed48a634d86eb712e8d) Importer(815301076,1909f56bfc062723c751e8b465ee728b)  -> (artifact id: '356640d52c545d6b665a9bafc30efd96') in 0.019942 seconds 
  Import took 0.023998 seconds .

========================================================================
Received Import Request.
  Time since last request: 0.000273 seconds.
  path: Assets/Animation/75_06.fbx
  artifactKey: Guid(8d4b140226860d44cb13723eb0bbb7bd) Importer(815301076,1909f56bfc062723c751e8b465ee728b)
Start importing Assets/Animation/75_06.fbx using Guid(8d4b140226860d44cb13723eb0bbb7bd) Importer(815301076,1909f56bfc062723c751e8b465ee728b)  -> (artifact id: 'e5fd9b4d21eb848bdb2ffc8e4f4a84f1') in 0.014029 seconds 
  Import took 0.018049 seconds .

========================================================================
Received Import Request.
  Time since last request: 0.000239 seconds.
  path: Assets/Animation/90_13.fbx
  artifactKey: Guid(a8ecde058a389d0468ac9514516c8f12) Importer(815301076,1909f56bfc062723c751e8b465ee728b)
Start importing Assets/Animation/90_13.fbx using Guid(a8ecde058a389d0468ac9514516c8f12) Importer(815301076,1909f56bfc062723c751e8b465ee728b)  -> (artifact id: '7cd27962d3d6f35dd7624b52200fe3e0') in 0.012060 seconds 
  Import took 0.015655 seconds .

========================================================================
Received Import Request.
  Time since last request: 0.000263 seconds.
  path: Assets/Animation/16_03.fbx
  artifactKey: Guid(068a36af181131245b978407351ca3bd) Importer(815301076,1909f56bfc062723c751e8b465ee728b)
Start importing Assets/Animation/16_03.fbx using Guid(068a36af181131245b978407351ca3bd) Importer(815301076,1909f56bfc062723c751e8b465ee728b)  -> (artifact id: '43d744ce52d7abe2d6847a69dcbe9be4') in 0.016893 seconds 
  Import took 0.020730 seconds .

========================================================================
Received Import Request.
  Time since last request: 0.000227 seconds.
  path: Assets/Animation/77_04.fbx
  artifactKey: Guid(4de4ce60607f6204881cd6c1c1b7aeb4) Importer(815301076,1909f56bfc062723c751e8b465ee728b)
Start importing Assets/Animation/77_04.fbx using Guid(4de4ce60607f6204881cd6c1c1b7aeb4) Importer(815301076,1909f56bfc062723c751e8b465ee728b)  -> (artifact id: '2926d287d518e78a51d3b6dc4367780b') in 0.013181 seconds 
  Import took 0.018070 seconds .

========================================================================
Received Import Request.
  Time since last request: 0.124210 seconds.
  path: Assets/Animation/77_04.fbx
  artifactKey: Guid(4de4ce60607f6204881cd6c1c1b7aeb4) Importer(815301076,1909f56bfc062723c751e8b465ee728b)
Start importing Assets/Animation/77_04.fbx using Guid(4de4ce60607f6204881cd6c1c1b7aeb4) Importer(815301076,1909f56bfc062723c751e8b465ee728b)  -> (artifact id: '2926d287d518e78a51d3b6dc4367780b') in 0.006960 seconds 
  Import took 0.011030 seconds .

========================================================================
Received Prepare
Default GameObject Tag: Player already registered

Registering precompiled user dll's ...
Registered in 0.007125 seconds.
Begin MonoManager ReloadAssembly
Native extension for LinuxStandalone target not found
Native extension for WindowsStandalone target not found
Native extension for OSXStandalone target not found
Native extension for WebGL target not found
Refreshing native plugins compatible for Editor in 1.48 ms, found 2 plugins.
Preloading 0 native plugins for Editor in 0.00 ms.
Mono: successfully reloaded assembly
- Completed reload, in  0.935 seconds
Domain Reload Profiling:
	ReloadAssembly (935ms)
		BeginReloadAssembly (90ms)
			ExecutionOrderSort (0ms)
			DisableScriptedObjects (4ms)
			BackupInstance (0ms)
			ReleaseScriptingObjects (0ms)
			CreateAndSetChildDomain (32ms)
		EndReloadAssembly (795ms)
			LoadAssemblies (74ms)
			RebuildTransferFunctionScriptingTraits (0ms)
			SetupTypeCache (251ms)
			ReleaseScriptCaches (1ms)
			RebuildScriptCaches (44ms)
			SetupLoadedEditorAssemblies (332ms)
				LogAssemblyErrors (0ms)
				InitializePlatformSupportModulesInManaged (6ms)
				SetLoadedEditorAssemblies (0ms)
				RefreshPlugins (2ms)
				BeforeProcessingInitializeOnLoad (97ms)
				ProcessInitializeOnLoadAttributes (189ms)
				ProcessInitializeOnLoadMethodAttributes (33ms)
				AfterProcessingInitializeOnLoad (4ms)
				EditorAssembliesLoaded (0ms)
			ExecutionOrderSort2 (0ms)
			AwakeInstancesAfterBackupRestoration (4ms)
Platform modules already initialized, skipping
Switching build target platform(19) subTarget(0) extendedPlatform(0) -> platform(13) subTarget(589824) extendedPlatform(0)
Refreshing native plugins compatible for Editor in 2.06 ms, found 2 plugins.
Preloading 0 native plugins for Editor in 0.00 ms.
Unloading 2688 Unused Serialized files (Serialized files now loaded: 0)
System memory in use before: 125.9 MB.
System memory in use after: 125.3 MB.

Unloading 116 unused Assets to reduce memory usage. Loaded Objects now: 3207.
Total: 5.577500 ms (FindLiveObjects: 0.236000 ms CreateObjectMapping: 0.115400 ms MarkObjects: 4.609600 ms  DeleteObjects: 0.615200 ms)

AssetImportParameters requested are different than current active one (requested -> active):
  custom:framework-win-MediaFoundation: 216162199b28c13a410421893ffa2e32 -> 
  custom:video-decoder-ogg-theora: a1e56fd34408186e4bbccfd4996cb3dc -> 
  custom:container-muxer-webm: aa71ff27fc2769a1b78a27578f13a17b -> 
  custom:container-demuxer-webm: 4f35f7cbe854078d1ac9338744f61a02 -> 
  custom:container-demuxer-ogg: 62fdf1f143b41e24485cea50d1cbac27 -> 
  custom:video-encoder-webm-vp8: eb34c28f22e8b96e1ab97ce403110664 -> 
  custom:video-decoder-webm-vp8: 9c59270c3fd7afecdb556c50c9e8de78 -> 
  custom:graphics/normal-map-encoding: 01000000000000000000000000000000 -> 02000000000000000000000000000000
  custom:audio-decoder-ogg-vorbis: bf7c407c2cedff20999df2af8eb42d56 -> 
  custom:audio-encoder-webm-vorbis: bf7c407c2cedff20999df2af8eb42d56 -> 
========================================================================
Received Prepare
Default GameObject Tag: Player already registered

Refreshing native plugins compatible for Editor in 14.08 ms, found 2 plugins.
Preloading 0 native plugins for Editor in 0.00 ms.
Unloading 114 Unused Serialized files (Serialized files now loaded: 0)
System memory in use before: 78.4 MB.
System memory in use after: 77.7 MB.

Unloading 113 unused Assets to reduce memory usage. Loaded Objects now: 3207.
Total: 5.884400 ms (FindLiveObjects: 0.319600 ms CreateObjectMapping: 0.150900 ms MarkObjects: 4.761600 ms  DeleteObjects: 0.651600 ms)

AssetImportParameters requested are different than current active one (requested -> active):
  custom:framework-win-MediaFoundation: 216162199b28c13a410421893ffa2e32 -> 
  custom:video-decoder-ogg-theora: a1e56fd34408186e4bbccfd4996cb3dc -> 
  custom:container-muxer-webm: aa71ff27fc2769a1b78a27578f13a17b -> 
  custom:container-demuxer-webm: 4f35f7cbe854078d1ac9338744f61a02 -> 
  custom:container-demuxer-ogg: 62fdf1f143b41e24485cea50d1cbac27 -> 
  custom:video-encoder-webm-vp8: eb34c28f22e8b96e1ab97ce403110664 -> 
  custom:video-decoder-webm-vp8: 9c59270c3fd7afecdb556c50c9e8de78 -> 
  custom:audio-decoder-ogg-vorbis: bf7c407c2cedff20999df2af8eb42d56 -> 
  custom:audio-encoder-webm-vorbis: bf7c407c2cedff20999df2af8eb42d56 -> 
========================================================================
Received Prepare
Default GameObject Tag: Player already registered

Registering precompiled user dll's ...
Registered in 0.005973 seconds.
Begin MonoManager ReloadAssembly
Native extension for LinuxStandalone target not found
Native extension for WindowsStandalone target not found
Native extension for OSXStandalone target not found
Native extension for WebGL target not found
Refreshing native plugins compatible for Editor in 1.65 ms, found 2 plugins.
Preloading 0 native plugins for Editor in 0.00 ms.
Mono: successfully reloaded assembly
- Completed reload, in  0.954 seconds
Domain Reload Profiling:
	ReloadAssembly (954ms)
		BeginReloadAssembly (89ms)
			ExecutionOrderSort (0ms)
			DisableScriptedObjects (6ms)
			BackupInstance (0ms)
			ReleaseScriptingObjects (0ms)
			CreateAndSetChildDomain (32ms)
		EndReloadAssembly (815ms)
			LoadAssemblies (75ms)
			RebuildTransferFunctionScriptingTraits (0ms)
			SetupTypeCache (252ms)
			ReleaseScriptCaches (1ms)
			RebuildScriptCaches (43ms)
			SetupLoadedEditorAssemblies (345ms)
				LogAssemblyErrors (0ms)
				InitializePlatformSupportModulesInManaged (6ms)
				SetLoadedEditorAssemblies (0ms)
				RefreshPlugins (2ms)
				BeforeProcessingInitializeOnLoad (100ms)
				ProcessInitializeOnLoadAttributes (199ms)
				ProcessInitializeOnLoadMethodAttributes (34ms)
				AfterProcessingInitializeOnLoad (4ms)
				EditorAssembliesLoaded (0ms)
			ExecutionOrderSort2 (0ms)
			AwakeInstancesAfterBackupRestoration (5ms)
Platform modules already initialized, skipping
Switching build target platform(19) subTarget(0) extendedPlatform(0) -> platform(13) subTarget(589824) extendedPlatform(0)
Refreshing native plugins compatible for Editor in 1.50 ms, found 2 plugins.
Preloading 0 native plugins for Editor in 0.00 ms.
Unloading 2688 Unused Serialized files (Serialized files now loaded: 0)
System memory in use before: 126.0 MB.
System memory in use after: 125.3 MB.

Unloading 116 unused Assets to reduce memory usage. Loaded Objects now: 3211.
Total: 5.682000 ms (FindLiveObjects: 0.258400 ms CreateObjectMapping: 0.167600 ms MarkObjects: 4.636400 ms  DeleteObjects: 0.618500 ms)

AssetImportParameters requested are different than current active one (requested -> active):
  custom:framework-win-MediaFoundation: 216162199b28c13a410421893ffa2e32 -> 
  custom:video-decoder-ogg-theora: a1e56fd34408186e4bbccfd4996cb3dc -> 
  custom:container-muxer-webm: aa71ff27fc2769a1b78a27578f13a17b -> 
  custom:container-demuxer-webm: 4f35f7cbe854078d1ac9338744f61a02 -> 
  custom:container-demuxer-ogg: 62fdf1f143b41e24485cea50d1cbac27 -> 
  custom:video-encoder-webm-vp8: eb34c28f22e8b96e1ab97ce403110664 -> 
  custom:video-decoder-webm-vp8: 9c59270c3fd7afecdb556c50c9e8de78 -> 
  custom:graphics/normal-map-encoding: 01000000000000000000000000000000 -> 02000000000000000000000000000000
  custom:audio-decoder-ogg-vorbis: bf7c407c2cedff20999df2af8eb42d56 -> 
  custom:audio-encoder-webm-vorbis: bf7c407c2cedff20999df2af8eb42d56 -> 
========================================================================
Received Prepare
Default GameObject Tag: Player already registered

Registering precompiled user dll's ...
Registered in 0.006236 seconds.
Begin MonoManager ReloadAssembly
Native extension for LinuxStandalone target not found
Native extension for WindowsStandalone target not found
Native extension for OSXStandalone target not found
Native extension for WebGL target not found
Refreshing native plugins compatible for Editor in 1.37 ms, found 2 plugins.
Preloading 0 native plugins for Editor in 0.00 ms.
Mono: successfully reloaded assembly
- Completed reload, in  0.931 seconds
Domain Reload Profiling:
	ReloadAssembly (931ms)
		BeginReloadAssembly (87ms)
			ExecutionOrderSort (0ms)
			DisableScriptedObjects (5ms)
			BackupInstance (0ms)
			ReleaseScriptingObjects (0ms)
			CreateAndSetChildDomain (30ms)
		EndReloadAssembly (793ms)
			LoadAssemblies (72ms)
			RebuildTransferFunctionScriptingTraits (0ms)
			SetupTypeCache (246ms)
			ReleaseScriptCaches (1ms)
			RebuildScriptCaches (46ms)
			SetupLoadedEditorAssemblies (327ms)
				LogAssemblyErrors (0ms)
				InitializePlatformSupportModulesInManaged (6ms)
				SetLoadedEditorAssemblies (0ms)
				RefreshPlugins (1ms)
				BeforeProcessingInitializeOnLoad (96ms)
				ProcessInitializeOnLoadAttributes (189ms)
				ProcessInitializeOnLoadMethodAttributes (31ms)
				AfterProcessingInitializeOnLoad (4ms)
				EditorAssembliesLoaded (0ms)
			ExecutionOrderSort2 (0ms)
			AwakeInstancesAfterBackupRestoration (4ms)
Platform modules already initialized, skipping
Switching build target platform(19) subTarget(0) extendedPlatform(0) -> platform(13) subTarget(589824) extendedPlatform(0)
Refreshing native plugins compatible for Editor in 1.38 ms, found 2 plugins.
Preloading 0 native plugins for Editor in 0.00 ms.
Unloading 2688 Unused Serialized files (Serialized files now loaded: 0)
System memory in use before: 126.0 MB.
System memory in use after: 125.4 MB.

Unloading 116 unused Assets to reduce memory usage. Loaded Objects now: 3215.
Total: 5.795600 ms (FindLiveObjects: 0.272400 ms CreateObjectMapping: 0.128800 ms MarkObjects: 4.738300 ms  DeleteObjects: 0.654600 ms)

AssetImportParameters requested are different than current active one (requested -> active):
  custom:framework-win-MediaFoundation: 216162199b28c13a410421893ffa2e32 -> 
  custom:video-decoder-ogg-theora: a1e56fd34408186e4bbccfd4996cb3dc -> 
  custom:container-muxer-webm: aa71ff27fc2769a1b78a27578f13a17b -> 
  custom:container-demuxer-webm: 4f35f7cbe854078d1ac9338744f61a02 -> 
  custom:container-demuxer-ogg: 62fdf1f143b41e24485cea50d1cbac27 -> 
  custom:video-encoder-webm-vp8: eb34c28f22e8b96e1ab97ce403110664 -> 
  custom:video-decoder-webm-vp8: 9c59270c3fd7afecdb556c50c9e8de78 -> 
  custom:graphics/normal-map-encoding: 01000000000000000000000000000000 -> 02000000000000000000000000000000
  custom:audio-decoder-ogg-vorbis: bf7c407c2cedff20999df2af8eb42d56 -> 
  custom:audio-encoder-webm-vorbis: bf7c407c2cedff20999df2af8eb42d56 -> 
========================================================================
Received Prepare
Default GameObject Tag: Player already registered

Registering precompiled user dll's ...
Registered in 0.005967 seconds.
Begin MonoManager ReloadAssembly
Native extension for LinuxStandalone target not found
Native extension for WindowsStandalone target not found
Native extension for OSXStandalone target not found
Native extension for WebGL target not found
Refreshing native plugins compatible for Editor in 1.44 ms, found 2 plugins.
Preloading 0 native plugins for Editor in 0.00 ms.
Mono: successfully reloaded assembly
- Completed reload, in  0.967 seconds
Domain Reload Profiling:
	ReloadAssembly (967ms)
		BeginReloadAssembly (84ms)
			ExecutionOrderSort (0ms)
			DisableScriptedObjects (4ms)
			BackupInstance (0ms)
			ReleaseScriptingObjects (0ms)
			CreateAndSetChildDomain (29ms)
		EndReloadAssembly (834ms)
			LoadAssemblies (73ms)
			RebuildTransferFunctionScriptingTraits (0ms)
			SetupTypeCache (248ms)
			ReleaseScriptCaches (1ms)
			RebuildScriptCaches (43ms)
			SetupLoadedEditorAssemblies (364ms)
				LogAssemblyErrors (0ms)
				InitializePlatformSupportModulesInManaged (6ms)
				SetLoadedEditorAssemblies (0ms)
				RefreshPlugins (1ms)
				BeforeProcessingInitializeOnLoad (93ms)
				ProcessInitializeOnLoadAttributes (224ms)
				ProcessInitializeOnLoadMethodAttributes (36ms)
				AfterProcessingInitializeOnLoad (4ms)
				EditorAssembliesLoaded (0ms)
			ExecutionOrderSort2 (0ms)
			AwakeInstancesAfterBackupRestoration (5ms)
Platform modules already initialized, skipping
Switching build target platform(19) subTarget(0) extendedPlatform(0) -> platform(13) subTarget(589824) extendedPlatform(0)
Refreshing native plugins compatible for Editor in 1.36 ms, found 2 plugins.
Preloading 0 native plugins for Editor in 0.00 ms.
Unloading 2688 Unused Serialized files (Serialized files now loaded: 0)
System memory in use before: 126.0 MB.
System memory in use after: 125.4 MB.

Unloading 116 unused Assets to reduce memory usage. Loaded Objects now: 3219.
Total: 6.189900 ms (FindLiveObjects: 0.238300 ms CreateObjectMapping: 0.110100 ms MarkObjects: 4.910100 ms  DeleteObjects: 0.930200 ms)

AssetImportParameters requested are different than current active one (requested -> active):
  custom:framework-win-MediaFoundation: 216162199b28c13a410421893ffa2e32 -> 
  custom:video-decoder-ogg-theora: a1e56fd34408186e4bbccfd4996cb3dc -> 
  custom:container-muxer-webm: aa71ff27fc2769a1b78a27578f13a17b -> 
  custom:container-demuxer-webm: 4f35f7cbe854078d1ac9338744f61a02 -> 
  custom:container-demuxer-ogg: 62fdf1f143b41e24485cea50d1cbac27 -> 
  custom:video-encoder-webm-vp8: eb34c28f22e8b96e1ab97ce403110664 -> 
  custom:video-decoder-webm-vp8: 9c59270c3fd7afecdb556c50c9e8de78 -> 
  custom:graphics/normal-map-encoding: 01000000000000000000000000000000 -> 02000000000000000000000000000000
  custom:audio-decoder-ogg-vorbis: bf7c407c2cedff20999df2af8eb42d56 -> 
  custom:audio-encoder-webm-vorbis: bf7c407c2cedff20999df2af8eb42d56 -> 
========================================================================
Received Import Request.
  Time since last request: 737.573175 seconds.
  path: Assets/mayprojectnew/UI/UI Game Pig-01 (1).png
  artifactKey: Guid(e99c1224aa4606540ba28c90f9b0b00e) Importer(815301076,1909f56bfc062723c751e8b465ee728b)
Start importing Assets/mayprojectnew/UI/UI Game Pig-01 (1).png using Guid(e99c1224aa4606540ba28c90f9b0b00e) Importer(815301076,1909f56bfc062723c751e8b465ee728b)  -> (artifact id: '847d8cf4484903359bb6a4ed02989069') in 0.274192 seconds 
  Import took 0.278805 seconds .

========================================================================
Received Import Request.
  Time since last request: 7.789690 seconds.
  path: Assets/UI/newUi/Train surfer buttons 1.png
  artifactKey: Guid(068d80b5005c78c4eacb84eb304a6a02) Importer(815301076,1909f56bfc062723c751e8b465ee728b)
Start importing Assets/UI/newUi/Train surfer buttons 1.png using Guid(068d80b5005c78c4eacb84eb304a6a02) Importer(815301076,1909f56bfc062723c751e8b465ee728b)  -> (artifact id: '201379ffd15aa17a4e9e33e7c710bf36') in 0.094621 seconds 
  Import took 0.098594 seconds .

========================================================================
Received Prepare
Default GameObject Tag: Player already registered

Registering precompiled user dll's ...
Registered in 0.005983 seconds.
Begin MonoManager ReloadAssembly
Native extension for LinuxStandalone target not found
Native extension for WindowsStandalone target not found
Native extension for OSXStandalone target not found
Native extension for WebGL target not found
Refreshing native plugins compatible for Editor in 1.36 ms, found 2 plugins.
Preloading 0 native plugins for Editor in 0.00 ms.
Mono: successfully reloaded assembly
- Completed reload, in  0.944 seconds
Domain Reload Profiling:
	ReloadAssembly (944ms)
		BeginReloadAssembly (90ms)
			ExecutionOrderSort (0ms)
			DisableScriptedObjects (4ms)
			BackupInstance (0ms)
			ReleaseScriptingObjects (0ms)
			CreateAndSetChildDomain (34ms)
		EndReloadAssembly (803ms)
			LoadAssemblies (75ms)
			RebuildTransferFunctionScriptingTraits (0ms)
			SetupTypeCache (247ms)
			ReleaseScriptCaches (1ms)
			RebuildScriptCaches (44ms)
			SetupLoadedEditorAssemblies (328ms)
				LogAssemblyErrors (0ms)
				InitializePlatformSupportModulesInManaged (6ms)
				SetLoadedEditorAssemblies (0ms)
				RefreshPlugins (1ms)
				BeforeProcessingInitializeOnLoad (94ms)
				ProcessInitializeOnLoadAttributes (190ms)
				ProcessInitializeOnLoadMethodAttributes (32ms)
				AfterProcessingInitializeOnLoad (4ms)
				EditorAssembliesLoaded (0ms)
			ExecutionOrderSort2 (0ms)
			AwakeInstancesAfterBackupRestoration (5ms)
Platform modules already initialized, skipping
Switching build target platform(19) subTarget(0) extendedPlatform(0) -> platform(13) subTarget(589824) extendedPlatform(0)
Refreshing native plugins compatible for Editor in 1.39 ms, found 2 plugins.
Preloading 0 native plugins for Editor in 0.00 ms.
Unloading 2688 Unused Serialized files (Serialized files now loaded: 0)
System memory in use before: 126.1 MB.
System memory in use after: 125.5 MB.

Unloading 116 unused Assets to reduce memory usage. Loaded Objects now: 3335.
Total: 5.930800 ms (FindLiveObjects: 0.279600 ms CreateObjectMapping: 0.120400 ms MarkObjects: 4.829700 ms  DeleteObjects: 0.700000 ms)

AssetImportParameters requested are different than current active one (requested -> active):
  custom:framework-win-MediaFoundation: 216162199b28c13a410421893ffa2e32 -> 
  custom:video-decoder-ogg-theora: a1e56fd34408186e4bbccfd4996cb3dc -> 
  custom:container-muxer-webm: aa71ff27fc2769a1b78a27578f13a17b -> 
  custom:container-demuxer-webm: 4f35f7cbe854078d1ac9338744f61a02 -> 
  custom:container-demuxer-ogg: 62fdf1f143b41e24485cea50d1cbac27 -> 
  custom:video-encoder-webm-vp8: eb34c28f22e8b96e1ab97ce403110664 -> 
  custom:video-decoder-webm-vp8: 9c59270c3fd7afecdb556c50c9e8de78 -> 
  custom:graphics/normal-map-encoding: 01000000000000000000000000000000 -> 02000000000000000000000000000000
  custom:audio-decoder-ogg-vorbis: bf7c407c2cedff20999df2af8eb42d56 -> 
  custom:audio-encoder-webm-vorbis: bf7c407c2cedff20999df2af8eb42d56 -> 
========================================================================
Received Prepare
Default GameObject Tag: Player already registered

Registering precompiled user dll's ...
Registered in 0.006183 seconds.
Begin MonoManager ReloadAssembly
Native extension for LinuxStandalone target not found
Native extension for WindowsStandalone target not found
Native extension for OSXStandalone target not found
Native extension for WebGL target not found
Refreshing native plugins compatible for Editor in 1.37 ms, found 2 plugins.
Preloading 0 native plugins for Editor in 0.00 ms.
Mono: successfully reloaded assembly
- Completed reload, in  0.972 seconds
Domain Reload Profiling:
	ReloadAssembly (972ms)
		BeginReloadAssembly (84ms)
			ExecutionOrderSort (0ms)
			DisableScriptedObjects (4ms)
			BackupInstance (0ms)
			ReleaseScriptingObjects (0ms)
			CreateAndSetChildDomain (30ms)
		EndReloadAssembly (837ms)
			LoadAssemblies (76ms)
			RebuildTransferFunctionScriptingTraits (0ms)
			SetupTypeCache (253ms)
			ReleaseScriptCaches (1ms)
			RebuildScriptCaches (45ms)
			SetupLoadedEditorAssemblies (346ms)
				LogAssemblyErrors (0ms)
				InitializePlatformSupportModulesInManaged (6ms)
				SetLoadedEditorAssemblies (0ms)
				RefreshPlugins (1ms)
				BeforeProcessingInitializeOnLoad (96ms)
				ProcessInitializeOnLoadAttributes (207ms)
				ProcessInitializeOnLoadMethodAttributes (32ms)
				AfterProcessingInitializeOnLoad (4ms)
				EditorAssembliesLoaded (0ms)
			ExecutionOrderSort2 (0ms)
			AwakeInstancesAfterBackupRestoration (5ms)
Platform modules already initialized, skipping
Switching build target platform(19) subTarget(0) extendedPlatform(0) -> platform(13) subTarget(589824) extendedPlatform(0)
Refreshing native plugins compatible for Editor in 1.48 ms, found 2 plugins.
Preloading 0 native plugins for Editor in 0.00 ms.
Unloading 2688 Unused Serialized files (Serialized files now loaded: 0)
System memory in use before: 126.0 MB.
System memory in use after: 125.3 MB.

Unloading 116 unused Assets to reduce memory usage. Loaded Objects now: 3339.
Total: 5.972400 ms (FindLiveObjects: 0.240600 ms CreateObjectMapping: 0.106500 ms MarkObjects: 4.913700 ms  DeleteObjects: 0.710700 ms)

AssetImportParameters requested are different than current active one (requested -> active):
  custom:framework-win-MediaFoundation: 216162199b28c13a410421893ffa2e32 -> 
  custom:video-decoder-ogg-theora: a1e56fd34408186e4bbccfd4996cb3dc -> 
  custom:container-muxer-webm: aa71ff27fc2769a1b78a27578f13a17b -> 
  custom:container-demuxer-webm: 4f35f7cbe854078d1ac9338744f61a02 -> 
  custom:container-demuxer-ogg: 62fdf1f143b41e24485cea50d1cbac27 -> 
  custom:video-encoder-webm-vp8: eb34c28f22e8b96e1ab97ce403110664 -> 
  custom:video-decoder-webm-vp8: 9c59270c3fd7afecdb556c50c9e8de78 -> 
  custom:graphics/normal-map-encoding: 01000000000000000000000000000000 -> 02000000000000000000000000000000
  custom:audio-decoder-ogg-vorbis: bf7c407c2cedff20999df2af8eb42d56 -> 
  custom:audio-encoder-webm-vorbis: bf7c407c2cedff20999df2af8eb42d56 -> 
========================================================================
Received Prepare
Default GameObject Tag: Player already registered

Registering precompiled user dll's ...
Registered in 0.006551 seconds.
Begin MonoManager ReloadAssembly
Native extension for LinuxStandalone target not found
Native extension for WindowsStandalone target not found
Native extension for OSXStandalone target not found
Native extension for WebGL target not found
Refreshing native plugins compatible for Editor in 1.40 ms, found 2 plugins.
Preloading 0 native plugins for Editor in 0.00 ms.
Mono: successfully reloaded assembly
- Completed reload, in  1.003 seconds
Domain Reload Profiling:
	ReloadAssembly (1003ms)
		BeginReloadAssembly (89ms)
			ExecutionOrderSort (0ms)
			DisableScriptedObjects (5ms)
			BackupInstance (0ms)
			ReleaseScriptingObjects (0ms)
			CreateAndSetChildDomain (31ms)
		EndReloadAssembly (862ms)
			LoadAssemblies (77ms)
			RebuildTransferFunctionScriptingTraits (0ms)
			SetupTypeCache (266ms)
			ReleaseScriptCaches (1ms)
			RebuildScriptCaches (46ms)
			SetupLoadedEditorAssemblies (349ms)
				LogAssemblyErrors (0ms)
				InitializePlatformSupportModulesInManaged (6ms)
				SetLoadedEditorAssemblies (0ms)
				RefreshPlugins (1ms)
				BeforeProcessingInitializeOnLoad (99ms)
				ProcessInitializeOnLoadAttributes (205ms)
				ProcessInitializeOnLoadMethodAttributes (32ms)
				AfterProcessingInitializeOnLoad (4ms)
				EditorAssembliesLoaded (0ms)
			ExecutionOrderSort2 (0ms)
			AwakeInstancesAfterBackupRestoration (5ms)
Platform modules already initialized, skipping
Switching build target platform(19) subTarget(0) extendedPlatform(0) -> platform(13) subTarget(589824) extendedPlatform(0)
Refreshing native plugins compatible for Editor in 1.44 ms, found 2 plugins.
Preloading 0 native plugins for Editor in 0.00 ms.
Unloading 2688 Unused Serialized files (Serialized files now loaded: 0)
System memory in use before: 126.0 MB.
System memory in use after: 125.3 MB.

Unloading 116 unused Assets to reduce memory usage. Loaded Objects now: 3343.
Total: 5.767100 ms (FindLiveObjects: 0.247700 ms CreateObjectMapping: 0.105100 ms MarkObjects: 4.719500 ms  DeleteObjects: 0.693700 ms)

AssetImportParameters requested are different than current active one (requested -> active):
  custom:framework-win-MediaFoundation: 216162199b28c13a410421893ffa2e32 -> 
  custom:video-decoder-ogg-theora: a1e56fd34408186e4bbccfd4996cb3dc -> 
  custom:container-muxer-webm: aa71ff27fc2769a1b78a27578f13a17b -> 
  custom:container-demuxer-webm: 4f35f7cbe854078d1ac9338744f61a02 -> 
  custom:container-demuxer-ogg: 62fdf1f143b41e24485cea50d1cbac27 -> 
  custom:video-encoder-webm-vp8: eb34c28f22e8b96e1ab97ce403110664 -> 
  custom:video-decoder-webm-vp8: 9c59270c3fd7afecdb556c50c9e8de78 -> 
  custom:graphics/normal-map-encoding: 01000000000000000000000000000000 -> 02000000000000000000000000000000
  custom:audio-decoder-ogg-vorbis: bf7c407c2cedff20999df2af8eb42d56 -> 
  custom:audio-encoder-webm-vorbis: bf7c407c2cedff20999df2af8eb42d56 -> 
========================================================================
Received Prepare
Default GameObject Tag: Player already registered

Registering precompiled user dll's ...
Registered in 0.006197 seconds.
Begin MonoManager ReloadAssembly
Native extension for LinuxStandalone target not found
Native extension for WindowsStandalone target not found
Native extension for OSXStandalone target not found
Native extension for WebGL target not found
Refreshing native plugins compatible for Editor in 1.86 ms, found 2 plugins.
Preloading 0 native plugins for Editor in 0.00 ms.
Mono: successfully reloaded assembly
- Completed reload, in  1.016 seconds
Domain Reload Profiling:
	ReloadAssembly (1016ms)
		BeginReloadAssembly (104ms)
			ExecutionOrderSort (0ms)
			DisableScriptedObjects (4ms)
			BackupInstance (0ms)
			ReleaseScriptingObjects (0ms)
			CreateAndSetChildDomain (31ms)
		EndReloadAssembly (861ms)
			LoadAssemblies (78ms)
			RebuildTransferFunctionScriptingTraits (0ms)
			SetupTypeCache (263ms)
			ReleaseScriptCaches (1ms)
			RebuildScriptCaches (47ms)
			SetupLoadedEditorAssemblies (349ms)
				LogAssemblyErrors (0ms)
				InitializePlatformSupportModulesInManaged (6ms)
				SetLoadedEditorAssemblies (0ms)
				RefreshPlugins (2ms)
				BeforeProcessingInitializeOnLoad (100ms)
				ProcessInitializeOnLoadAttributes (204ms)
				ProcessInitializeOnLoadMethodAttributes (33ms)
				AfterProcessingInitializeOnLoad (4ms)
				EditorAssembliesLoaded (0ms)
			ExecutionOrderSort2 (0ms)
			AwakeInstancesAfterBackupRestoration (5ms)
Platform modules already initialized, skipping
Switching build target platform(19) subTarget(0) extendedPlatform(0) -> platform(13) subTarget(589824) extendedPlatform(0)
Refreshing native plugins compatible for Editor in 1.47 ms, found 2 plugins.
Preloading 0 native plugins for Editor in 0.00 ms.
Unloading 2688 Unused Serialized files (Serialized files now loaded: 0)
System memory in use before: 126.0 MB.
System memory in use after: 125.3 MB.

Unloading 116 unused Assets to reduce memory usage. Loaded Objects now: 3347.
Total: 6.233700 ms (FindLiveObjects: 0.245500 ms CreateObjectMapping: 0.102100 ms MarkObjects: 5.165400 ms  DeleteObjects: 0.719000 ms)

AssetImportParameters requested are different than current active one (requested -> active):
  custom:framework-win-MediaFoundation: 216162199b28c13a410421893ffa2e32 -> 
  custom:video-decoder-ogg-theora: a1e56fd34408186e4bbccfd4996cb3dc -> 
  custom:container-muxer-webm: aa71ff27fc2769a1b78a27578f13a17b -> 
  custom:container-demuxer-webm: 4f35f7cbe854078d1ac9338744f61a02 -> 
  custom:container-demuxer-ogg: 62fdf1f143b41e24485cea50d1cbac27 -> 
  custom:video-encoder-webm-vp8: eb34c28f22e8b96e1ab97ce403110664 -> 
  custom:video-decoder-webm-vp8: 9c59270c3fd7afecdb556c50c9e8de78 -> 
  custom:graphics/normal-map-encoding: 01000000000000000000000000000000 -> 02000000000000000000000000000000
  custom:audio-decoder-ogg-vorbis: bf7c407c2cedff20999df2af8eb42d56 -> 
  custom:audio-encoder-webm-vorbis: bf7c407c2cedff20999df2af8eb42d56 -> 
========================================================================
Received Prepare
Default GameObject Tag: Player already registered

Refreshing native plugins compatible for Editor in 14.34 ms, found 2 plugins.
Preloading 0 native plugins for Editor in 0.00 ms.
Unloading 114 Unused Serialized files (Serialized files now loaded: 0)
System memory in use before: 78.4 MB.
System memory in use after: 77.7 MB.

Unloading 113 unused Assets to reduce memory usage. Loaded Objects now: 3347.
Total: 5.754900 ms (FindLiveObjects: 0.257700 ms CreateObjectMapping: 0.106300 ms MarkObjects: 4.496900 ms  DeleteObjects: 0.892900 ms)

AssetImportParameters requested are different than current active one (requested -> active):
  custom:framework-win-MediaFoundation: 216162199b28c13a410421893ffa2e32 -> 
  custom:video-decoder-ogg-theora: a1e56fd34408186e4bbccfd4996cb3dc -> 
  custom:container-muxer-webm: aa71ff27fc2769a1b78a27578f13a17b -> 
  custom:container-demuxer-webm: 4f35f7cbe854078d1ac9338744f61a02 -> 
  custom:container-demuxer-ogg: 62fdf1f143b41e24485cea50d1cbac27 -> 
  custom:video-encoder-webm-vp8: eb34c28f22e8b96e1ab97ce403110664 -> 
  custom:video-decoder-webm-vp8: 9c59270c3fd7afecdb556c50c9e8de78 -> 
  custom:audio-decoder-ogg-vorbis: bf7c407c2cedff20999df2af8eb42d56 -> 
  custom:audio-encoder-webm-vorbis: bf7c407c2cedff20999df2af8eb42d56 -> 
========================================================================
Received Prepare
Default GameObject Tag: Player already registered

Registering precompiled user dll's ...
Registered in 0.006135 seconds.
Begin MonoManager ReloadAssembly
Native extension for LinuxStandalone target not found
Native extension for WindowsStandalone target not found
Native extension for OSXStandalone target not found
Native extension for WebGL target not found
Refreshing native plugins compatible for Editor in 1.36 ms, found 2 plugins.
Preloading 0 native plugins for Editor in 0.00 ms.
Mono: successfully reloaded assembly
- Completed reload, in  0.978 seconds
Domain Reload Profiling:
	ReloadAssembly (979ms)
		BeginReloadAssembly (88ms)
			ExecutionOrderSort (0ms)
			DisableScriptedObjects (5ms)
			BackupInstance (0ms)
			ReleaseScriptingObjects (0ms)
			CreateAndSetChildDomain (30ms)
		EndReloadAssembly (839ms)
			LoadAssemblies (74ms)
			RebuildTransferFunctionScriptingTraits (0ms)
			SetupTypeCache (260ms)
			ReleaseScriptCaches (2ms)
			RebuildScriptCaches (47ms)
			SetupLoadedEditorAssemblies (331ms)
				LogAssemblyErrors (0ms)
				InitializePlatformSupportModulesInManaged (6ms)
				SetLoadedEditorAssemblies (0ms)
				RefreshPlugins (1ms)
				BeforeProcessingInitializeOnLoad (96ms)
				ProcessInitializeOnLoadAttributes (192ms)
				ProcessInitializeOnLoadMethodAttributes (31ms)
				AfterProcessingInitializeOnLoad (4ms)
				EditorAssembliesLoaded (0ms)
			ExecutionOrderSort2 (0ms)
			AwakeInstancesAfterBackupRestoration (5ms)
Platform modules already initialized, skipping
Switching build target platform(19) subTarget(0) extendedPlatform(0) -> platform(13) subTarget(589824) extendedPlatform(0)
Refreshing native plugins compatible for Editor in 1.38 ms, found 2 plugins.
Preloading 0 native plugins for Editor in 0.00 ms.
Unloading 2688 Unused Serialized files (Serialized files now loaded: 0)
System memory in use before: 126.0 MB.
System memory in use after: 125.4 MB.

Unloading 116 unused Assets to reduce memory usage. Loaded Objects now: 3351.
Total: 5.532900 ms (FindLiveObjects: 0.232400 ms CreateObjectMapping: 0.103900 ms MarkObjects: 4.545100 ms  DeleteObjects: 0.650500 ms)

AssetImportParameters requested are different than current active one (requested -> active):
  custom:framework-win-MediaFoundation: 216162199b28c13a410421893ffa2e32 -> 
  custom:video-decoder-ogg-theora: a1e56fd34408186e4bbccfd4996cb3dc -> 
  custom:container-muxer-webm: aa71ff27fc2769a1b78a27578f13a17b -> 
  custom:container-demuxer-webm: 4f35f7cbe854078d1ac9338744f61a02 -> 
  custom:container-demuxer-ogg: 62fdf1f143b41e24485cea50d1cbac27 -> 
  custom:video-encoder-webm-vp8: eb34c28f22e8b96e1ab97ce403110664 -> 
  custom:video-decoder-webm-vp8: 9c59270c3fd7afecdb556c50c9e8de78 -> 
  custom:graphics/normal-map-encoding: 01000000000000000000000000000000 -> 02000000000000000000000000000000
  custom:audio-decoder-ogg-vorbis: bf7c407c2cedff20999df2af8eb42d56 -> 
  custom:audio-encoder-webm-vorbis: bf7c407c2cedff20999df2af8eb42d56 -> 
AssetImportWorkerClient::OnTransportError - code=2 error=End of file
